<?xml version="1.0" encoding="UTF-8"?>
<testng-results ignored="2" total="15" passed="13" failed="0" skipped="0">
  <reporter-output>
  </reporter-output>
  <suite started-at="2022-03-23T21:46:28 SAST" name="Regression Test Pack - This is my own name" finished-at="2022-03-23T21:46:28 SAST" duration-ms="125">
    <groups>
    </groups>
    <test started-at="2022-03-23T21:46:28 SAST" name="HomeLoans" finished-at="2022-03-23T21:46:28 SAST" duration-ms="41">
      <class name="loans.HomeLoan2">
        <test-method signature="homeLoanFraudTest()[pri:0, instance:loans.HomeLoan2@ef9296d]" started-at="2022-03-23T21:46:28 SAST" name="homeLoanFraudTest" finished-at="2022-03-23T21:46:28 SAST" duration-ms="1" status="PASS">
          <reporter-output>
          </reporter-output>
        </test-method> <!-- homeLoanFraudTest -->
      </class> <!-- loans.HomeLoan2 -->
      <class name="loans.HomeLoan1">
        <test-method signature="homeLoan1()[pri:0, instance:loans.HomeLoan1@433d61fb]" started-at="2022-03-23T21:46:28 SAST" name="homeLoan1" finished-at="2022-03-23T21:46:28 SAST" duration-ms="7" status="PASS">
          <reporter-output>
          </reporter-output>
        </test-method> <!-- homeLoan1 -->
        <test-method signature="homeLoan2()[pri:0, instance:loans.HomeLoan1@433d61fb]" started-at="2022-03-23T21:46:28 SAST" name="homeLoan2" finished-at="2022-03-23T21:46:28 SAST" duration-ms="1" status="PASS">
          <reporter-output>
          </reporter-output>
        </test-method> <!-- homeLoan2 -->
      </class> <!-- loans.HomeLoan1 -->
    </test> <!-- HomeLoans -->
    <test started-at="2022-03-23T21:46:28 SAST" name="PersonalLoans" finished-at="2022-03-23T21:46:28 SAST" duration-ms="9">
      <class name="loans.PersonalLoan2">
        <test-method signature="personalLoan3()[pri:0, instance:loans.PersonalLoan2@41fbdac4]" started-at="2022-03-23T21:46:28 SAST" name="personalLoan3" finished-at="2022-03-23T21:46:28 SAST" duration-ms="1" status="PASS">
          <reporter-output>
          </reporter-output>
        </test-method> <!-- personalLoan3 -->
        <test-method signature="personalLoan4()[pri:0, instance:loans.PersonalLoan2@41fbdac4]" started-at="2022-03-23T21:46:28 SAST" name="personalLoan4" finished-at="2022-03-23T21:46:28 SAST" duration-ms="1" status="PASS">
          <reporter-output>
          </reporter-output>
        </test-method> <!-- personalLoan4 -->
        <test-method signature="personalLoan5()[pri:0, instance:loans.PersonalLoan2@41fbdac4]" started-at="2022-03-23T21:46:28 SAST" name="personalLoan5" finished-at="2022-03-23T21:46:28 SAST" duration-ms="0" status="PASS">
          <reporter-output>
          </reporter-output>
        </test-method> <!-- personalLoan5 -->
      </class> <!-- loans.PersonalLoan2 -->
      <class name="loans.PersonalLoan1">
        <test-method signature="personalLoan1()[pri:0, instance:loans.PersonalLoan1@28eaa59a]" started-at="2022-03-23T21:46:28 SAST" name="personalLoan1" finished-at="2022-03-23T21:46:28 SAST" duration-ms="1" status="PASS">
          <reporter-output>
          </reporter-output>
        </test-method> <!-- personalLoan1 -->
        <test-method signature="personalLoan2()[pri:0, instance:loans.PersonalLoan1@28eaa59a]" started-at="2022-03-23T21:46:28 SAST" name="personalLoan2" finished-at="2022-03-23T21:46:28 SAST" duration-ms="1" status="PASS">
          <reporter-output>
          </reporter-output>
        </test-method> <!-- personalLoan2 -->
      </class> <!-- loans.PersonalLoan1 -->
    </test> <!-- PersonalLoans -->
    <test started-at="2022-03-23T21:46:28 SAST" name="VehicleLoans" finished-at="2022-03-23T21:46:28 SAST" duration-ms="9">
      <class name="loans.VehicleLoan2">
        <test-method signature="vehicleLoan3()[pri:0, instance:loans.VehicleLoan2@61df66b6]" started-at="2022-03-23T21:46:28 SAST" name="vehicleLoan3" finished-at="2022-03-23T21:46:28 SAST" duration-ms="0" status="PASS">
          <reporter-output>
          </reporter-output>
        </test-method> <!-- vehicleLoan3 -->
        <test-method signature="vehicleLoan4()[pri:0, instance:loans.VehicleLoan2@61df66b6]" started-at="2022-03-23T21:46:28 SAST" name="vehicleLoan4" finished-at="2022-03-23T21:46:28 SAST" duration-ms="1" status="PASS">
          <reporter-output>
          </reporter-output>
        </test-method> <!-- vehicleLoan4 -->
        <test-method signature="vehicleLoan5()[pri:0, instance:loans.VehicleLoan2@61df66b6]" started-at="2022-03-23T21:46:28 SAST" name="vehicleLoan5" finished-at="2022-03-23T21:46:28 SAST" duration-ms="1" status="PASS">
          <reporter-output>
          </reporter-output>
        </test-method> <!-- vehicleLoan5 -->
      </class> <!-- loans.VehicleLoan2 -->
      <class name="loans.VehicleLoan1">
        <test-method signature="vehicleLoan1()[pri:0, instance:loans.VehicleLoan1@291ae]" started-at="2022-03-23T21:46:28 SAST" name="vehicleLoan1" finished-at="2022-03-23T21:46:28 SAST" duration-ms="1" status="PASS">
          <reporter-output>
          </reporter-output>
        </test-method> <!-- vehicleLoan1 -->
        <test-method signature="vehicleLoan2()[pri:0, instance:loans.VehicleLoan1@291ae]" started-at="2022-03-23T21:46:28 SAST" name="vehicleLoan2" finished-at="2022-03-23T21:46:28 SAST" duration-ms="1" status="PASS">
          <reporter-output>
          </reporter-output>
        </test-method> <!-- vehicleLoan2 -->
      </class> <!-- loans.VehicleLoan1 -->
    </test> <!-- VehicleLoans -->
  </suite> <!-- Regression Test Pack - This is my own name -->
</testng-results>
