<?xml version="1.0" encoding="UTF-8"?>
<testng-results ignored="0" total="3" passed="3" failed="0" skipped="0">
  <reporter-output>
  </reporter-output>
  <suite started-at="2022-03-26T23:21:05 SAST" name="Suite" finished-at="2022-03-26T23:21:05 SAST" duration-ms="49">
    <groups>
    </groups>
    <test started-at="2022-03-26T23:21:05 SAST" name="Test" finished-at="2022-03-26T23:21:05 SAST" duration-ms="49">
      <class name="dataProviders.HomeLoan1FraudTest">
        <test-method signature="homeLoan1FraudTest(java.lang.String,java.lang.String)[pri:0, instance:dataProviders.HomeLoan1FraudTest@2ea227af]" started-at="2022-03-26T23:21:05 SAST" name="homeLoan1FraudTest" data-provider="getMyData" finished-at="2022-03-26T23:21:05 SAST" duration-ms="5" status="PASS">
          <params>
            <param index="0">
              <value>
                <![CDATA[row0Column0]]>
              </value>
            </param>
            <param index="1">
              <value>
                <![CDATA[row0Column1]]>
              </value>
            </param>
          </params>
          <reporter-output>
          </reporter-output>
        </test-method> <!-- homeLoan1FraudTest -->
        <test-method signature="homeLoan1FraudTest(java.lang.String,java.lang.String)[pri:0, instance:dataProviders.HomeLoan1FraudTest@2ea227af]" started-at="2022-03-26T23:21:05 SAST" name="homeLoan1FraudTest" data-provider="getMyData" finished-at="2022-03-26T23:21:05 SAST" duration-ms="1" status="PASS">
          <params>
            <param index="0">
              <value>
                <![CDATA[row1Column0]]>
              </value>
            </param>
            <param index="1">
              <value>
                <![CDATA[row1Column1]]>
              </value>
            </param>
          </params>
          <reporter-output>
          </reporter-output>
        </test-method> <!-- homeLoan1FraudTest -->
        <test-method signature="homeLoan1FraudTest(java.lang.String,java.lang.String)[pri:0, instance:dataProviders.HomeLoan1FraudTest@2ea227af]" started-at="2022-03-26T23:21:05 SAST" name="homeLoan1FraudTest" data-provider="getMyData" finished-at="2022-03-26T23:21:05 SAST" duration-ms="1" status="PASS">
          <params>
            <param index="0">
              <value>
                <![CDATA[row2Column0]]>
              </value>
            </param>
            <param index="1">
              <value>
                <![CDATA[row2Column1]]>
              </value>
            </param>
          </params>
          <reporter-output>
          </reporter-output>
        </test-method> <!-- homeLoan1FraudTest -->
      </class> <!-- dataProviders.HomeLoan1FraudTest -->
    </test> <!-- Test -->
  </suite> <!-- Suite -->
</testng-results>
