<?xml version="1.0" encoding="UTF-8"?>
<!-- Generated by org.testng.reporters.JUnitXMLReporter -->
<testsuite ignored="2" hostname="YolandeH-Dell2" failures="0" tests="3" name="HomeLoans" time="0.041" errors="0" timestamp="2022-03-24T15:03:51 SAST">
  <testcase classname="loans.HomeLoan1" name="homeLoan1" time="0.006"/>
  <testcase classname="loans.HomeLoan1" name="homeLoan2" time="0.002"/>
  <testcase classname="loans.HomeLoan2" name="homeLoanFraudTest" time="0.001"/>
  <testcase classname="loans.HomeLoan2" name="homeLoan3" time="0.0">
    <ignored/>
  </testcase> <!-- homeLoan3 -->
  <testcase classname="loans.HomeLoan2" name="homeLoan4" time="0.0">
    <ignored/>
  </testcase> <!-- homeLoan4 -->
</testsuite> <!-- HomeLoans -->
