<?xml version="1.0" encoding="UTF-8"?>
<!-- Generated by org.testng.reporters.JUnitXMLReporter -->
<testsuite ignored="0" hostname="YolandeH-Dell2" failures="0" tests="4" name="PersonalLoans" time="0.01" errors="0" timestamp="2022-03-29T15:56:24 SAST">
  <testcase classname="loans.PersonalLoan1" name="personalLoan1" time="0.001"/>
  <testcase classname="loans.PersonalLoan1" name="personalLoan2" time="0.001"/>
  <testcase classname="loans.PersonalLoan2" name="personalLoan3" time="0.001"/>
  <testcase classname="loans.PersonalLoan2" name="personalLoan4" time="0.001"/>
</testsuite> <!-- PersonalLoans -->
