<?xml version="1.0" encoding="UTF-8"?>
<!-- Generated by org.testng.reporters.JUnitXMLReporter -->
<testsuite ignored="2" hostname="YolandeH-Dell2" failures="0" tests="3" name="VehicleLoans" time="0.007" errors="0" timestamp="2022-03-29T15:56:24 SAST">
  <testcase classname="loans.VehicleLoan1" name="vehicleLoan2" time="0.001"/>
  <testcase classname="loans.VehicleLoan2" name="vehicleLoan3" time="0.001"/>
  <testcase classname="loans.VehicleLoan2" name="vehicleLoan4" time="0.002"/>
  <testcase classname="loans.VehicleLoan1" name="vehicleLoan1" time="0.0">
    <ignored/>
  </testcase> <!-- vehicleLoan1 -->
  <testcase classname="loans.VehicleLoan2" name="vehicleLoan5" time="0.0">
    <ignored/>
  </testcase> <!-- vehicleLoan5 -->
</testsuite> <!-- VehicleLoans -->
