<?xml version="1.0" encoding="UTF-8"?>
<!-- Generated by org.testng.reporters.JUnitXMLReporter -->
<testsuite ignored="11" hostname="YolandeH-Dell2" failures="0" tests="0" time="0.007" errors="0" timestamp="2022-03-26T14:26:41 SAST">
  <testcase classname="annotations.TestClass1" name="test10a" time="0.0">
    <ignored/>
  </testcase> <!-- test10a -->
  <testcase classname="annotations.TestClass1" name="test3a" time="0.0">
    <ignored/>
  </testcase> <!-- test3a -->
  <testcase classname="annotations.TestClass1" name="test6a" time="0.0">
    <ignored/>
  </testcase> <!-- test6a -->
  <testcase classname="annotations.TestClass1" name="test1a" time="0.0">
    <ignored/>
  </testcase> <!-- test1a -->
  <testcase classname="annotations.TestClass1" name="test2a" time="0.0">
    <ignored/>
  </testcase> <!-- test2a -->
  <testcase classname="annotations.TestClass1" name="test8a" time="0.0">
    <ignored/>
  </testcase> <!-- test8a -->
  <testcase classname="annotations.TestClass1" name="test9a" time="0.0">
    <ignored/>
  </testcase> <!-- test9a -->
  <testcase classname="annotations.TestClass1" name="test4a" time="0.0">
    <ignored/>
  </testcase> <!-- test4a -->
  <testcase classname="annotations.TestClass1" name="test11a" time="0.0">
    <ignored/>
  </testcase> <!-- test11a -->
  <testcase classname="annotations.TestClass1" name="test12a" time="0.0">
    <ignored/>
  </testcase> <!-- test12a -->
  <testcase classname="annotations.TestClass1" name="test5a" time="0.0">
    <ignored/>
  </testcase> <!-- test5a -->
</testsuite>
