<?xml version="1.0" encoding="UTF-8"?>
<!-- Generated by org.testng.reporters.JUnitXMLReporter -->
<testsuite ignored="10" hostname="YolandeH-Dell2" failures="0" tests="0" time="0.001" errors="0" timestamp="2022-03-26T14:24:11 SAST">
  <testcase classname="annotations.TestClass2" name="test4b" time="0.0">
    <ignored/>
  </testcase> <!-- test4b -->
  <testcase classname="annotations.TestClass2" name="test1b" time="0.0">
    <ignored/>
  </testcase> <!-- test1b -->
  <testcase classname="annotations.TestClass2" name="test11b" time="0.0">
    <ignored/>
  </testcase> <!-- test11b -->
  <testcase classname="annotations.TestClass2" name="test10b" time="0.0">
    <ignored/>
  </testcase> <!-- test10b -->
  <testcase classname="annotations.TestClass2" name="test6b" time="0.0">
    <ignored/>
  </testcase> <!-- test6b -->
  <testcase classname="annotations.TestClass2" name="test3b" time="0.0">
    <ignored/>
  </testcase> <!-- test3b -->
  <testcase classname="annotations.TestClass2" name="test2b" time="0.0">
    <ignored/>
  </testcase> <!-- test2b -->
  <testcase classname="annotations.TestClass2" name="test9b" time="0.0">
    <ignored/>
  </testcase> <!-- test9b -->
  <testcase classname="annotations.TestClass2" name="test12b" time="0.0">
    <ignored/>
  </testcase> <!-- test12b -->
  <testcase classname="annotations.TestClass2" name="test8b" time="0.0">
    <ignored/>
  </testcase> <!-- test8b -->
</testsuite>
