<?xml version="1.0" encoding="UTF-8"?>
<!-- Generated by org.testng.reporters.JUnitXMLReporter -->
<testsuite ignored="10" hostname="YolandeH-Dell2" failures="0" tests="0" time="0.001" errors="0" timestamp="2022-03-26T14:24:11 SAST">
  <testcase classname="annotations.TestClass3" name="test10c" time="0.0">
    <ignored/>
  </testcase> <!-- test10c -->
  <testcase classname="annotations.TestClass3" name="test4c" time="0.0">
    <ignored/>
  </testcase> <!-- test4c -->
  <testcase classname="annotations.TestClass3" name="test3c" time="0.0">
    <ignored/>
  </testcase> <!-- test3c -->
  <testcase classname="annotations.TestClass3" name="test11c" time="0.0">
    <ignored/>
  </testcase> <!-- test11c -->
  <testcase classname="annotations.TestClass3" name="test12c" time="0.0">
    <ignored/>
  </testcase> <!-- test12c -->
  <testcase classname="annotations.TestClass3" name="test6c" time="0.0">
    <ignored/>
  </testcase> <!-- test6c -->
  <testcase classname="annotations.TestClass3" name="test5c" time="0.0">
    <ignored/>
  </testcase> <!-- test5c -->
  <testcase classname="annotations.TestClass3" name="test2c" time="0.0">
    <ignored/>
  </testcase> <!-- test2c -->
  <testcase classname="annotations.TestClass3" name="test7c" time="0.0">
    <ignored/>
  </testcase> <!-- test7c -->
  <testcase classname="annotations.TestClass3" name="test9c" time="0.0">
    <ignored/>
  </testcase> <!-- test9c -->
</testsuite>
