<?xml version="1.0" encoding="UTF-8"?>
<!-- Generated by org.testng.reporters.JUnitXMLReporter -->
<testsuite ignored="5" hostname="YolandeH-Dell2" failures="0" tests="4" name="annotations" time="0.244" errors="0" timestamp="2022-03-27T16:17:40 SAST">
  <testcase classname="annotationTest.Personal_loan" name="MobileLoginPersonalLoan" time="0.034"/>
  <testcase classname="annotationTest.Personal_loan" name="WebLoginPersonalLoan" time="0.006"/>
  <testcase classname="annotationTest.Home_loan" name="MobileLoginHomeLoan" time="0.003"/>
  <testcase classname="annotationTest.Car_loan" name="APILoginCarLoan" time="0.008"/>
  <testcase classname="annotationTest.Home_loan" name="WebLoginHomeLoan" time="0.0">
    <ignored/>
  </testcase> <!-- WebLoginHomeLoan -->
  <testcase classname="annotationTest.Car_loan" name="WebLoginCarLoan" time="0.0">
    <ignored/>
  </testcase> <!-- WebLoginCarLoan -->
  <testcase classname="annotationTest.Home_loan" name="APILoginHomeLoan" time="0.0">
    <ignored/>
  </testcase> <!-- APILoginHomeLoan -->
  <testcase classname="annotationTest.Personal_loan" name="APILoginPersonalLoan" time="0.0">
    <ignored/>
  </testcase> <!-- APILoginPersonalLoan -->
  <testcase classname="annotationTest.Car_loan" name="MobileLoginCarLoan" time="0.0">
    <ignored/>
  </testcase> <!-- MobileLoginCarLoan -->
</testsuite> <!-- annotations -->
