<?xml version="1.0" encoding="UTF-8"?>
<!-- Generated by org.testng.reporters.JUnitXMLReporter -->
<testsuite ignored="2" hostname="YolandeH-Dell2" failures="0" tests="1" name="Car Loan" time="0.003" errors="0" timestamp="2022-03-29T15:13:13 SAST">
  <testcase classname="annotationTest.Car_loan" name="APILoginCarLoan" time="0.001"/>
  <testcase classname="annotationTest.Car_loan" name="WebLoginCarLoan" time="0.0">
    <ignored/>
  </testcase> <!-- WebLoginCarLoan -->
  <testcase classname="annotationTest.Car_loan" name="MobileLoginCarLoan" time="0.0">
    <ignored/>
  </testcase> <!-- MobileLoginCarLoan -->
</testsuite> <!-- Car Loan -->
