<?xml version="1.0" encoding="UTF-8"?>
<!-- Generated by org.testng.reporters.JUnitXMLReporter -->
<testsuite ignored="2" hostname="YolandeH-Dell2" failures="0" tests="1" name="Home Loan" time="0.009" errors="0" timestamp="2022-03-27T16:19:24 SAST">
  <testcase classname="annotationTest.Home_loan" name="MobileLoginHomeLoan" time="0.003"/>
  <testcase classname="annotationTest.Home_loan" name="WebLoginHomeLoan" time="0.0">
    <ignored/>
  </testcase> <!-- WebLoginHomeLoan -->
  <testcase classname="annotationTest.Home_loan" name="APILoginHomeLoan" time="0.0">
    <ignored/>
  </testcase> <!-- APILoginHomeLoan -->
</testsuite> <!-- Home Loan -->
