<?xml version="1.0" encoding="UTF-8"?>
<!-- Generated by org.testng.reporters.JUnitXMLReporter -->
<testsuite ignored="9" hostname="YolandeH-Dell2" failures="1" tests="8" name="LoanTests" time="0.068" errors="0" timestamp="2022-03-29T22:50:48 SAST">
  <testcase classname="loans.HomeLoan1" name="failedTest" time="0.009">
    <failure type="java.lang.AssertionError" message="expected [true] but found [false]">
      <![CDATA[java.lang.AssertionError: expected [true] but found [false]
at loans.HomeLoan1.failedTest(HomeLoan1.java:36)
at java.base/java.util.ArrayList.forEach(ArrayList.java:1511)
... Removed 31 stack frames]]>
    </failure>
  </testcase> <!-- failedTest -->
  <testcase classname="loans.HomeLoan1" name="homeLoan1" time="0.001"/>
  <testcase classname="loans.HomeLoan1" name="homeLoan2" time="0.001"/>
  <testcase classname="loans.HomeLoan1" name="skippedTest" time="0.0">
    <skipped/>
  </testcase> <!-- skippedTest -->
  <testcase classname="loans.HomeLoan2" name="homeLoan3" time="0.001"/>
  <testcase classname="loans.PersonalLoan1" name="personalLoan2" time="0.001"/>
  <testcase classname="loans.VehicleLoan1" name="vehicleLoan2" time="0.001"/>
  <testcase classname="loans.VehicleLoan2" name="vehicleLoan4" time="0.001"/>
  <testcase classname="loans.HomeLoan2" name="homeLoan4" time="0.0">
    <ignored/>
  </testcase> <!-- homeLoan4 -->
  <testcase classname="loans.PersonalLoan2" name="personalLoan3" time="0.0">
    <ignored/>
  </testcase> <!-- personalLoan3 -->
  <testcase classname="loans.PersonalLoan2" name="personalLoan4" time="0.0">
    <ignored/>
  </testcase> <!-- personalLoan4 -->
  <testcase classname="loans.HomeLoan1" name="myParameters" time="0.0">
    <ignored/>
  </testcase> <!-- myParameters -->
  <testcase classname="loans.VehicleLoan1" name="vehicleLoan1" time="0.0">
    <ignored/>
  </testcase> <!-- vehicleLoan1 -->
  <testcase classname="loans.PersonalLoan1" name="personalLoan1" time="0.0">
    <ignored/>
  </testcase> <!-- personalLoan1 -->
  <testcase classname="loans.VehicleLoan2" name="vehicleLoan3" time="0.0">
    <ignored/>
  </testcase> <!-- vehicleLoan3 -->
  <testcase classname="loans.HomeLoan2" name="homeLoanFraudTest" time="0.0">
    <ignored/>
  </testcase> <!-- homeLoanFraudTest -->
  <testcase classname="loans.VehicleLoan2" name="vehicleLoan5" time="0.0">
    <ignored/>
  </testcase> <!-- vehicleLoan5 -->
</testsuite> <!-- LoanTests -->
