<?xml version="1.0" encoding="UTF-8"?>
<!-- Generated by org.testng.reporters.JUnitXMLReporter -->
<testsuite ignored="0" hostname="YolandeH-Dell2" failures="0" tests="15" name="LoanTests" time="0.077" errors="0" timestamp="2022-03-24T15:56:29 SAST">
  <testcase classname="loans.HomeLoan1" name="homeLoan1" time="0.005"/>
  <testcase classname="loans.HomeLoan1" name="homeLoan2" time="0.002"/>
  <testcase classname="loans.HomeLoan2" name="homeLoan3" time="0.001"/>
  <testcase classname="loans.HomeLoan2" name="homeLoan4" time="0.001"/>
  <testcase classname="loans.HomeLoan2" name="homeLoanFraudTest" time="0.001"/>
  <testcase classname="loans.PersonalLoan1" name="personalLoan1" time="0.001"/>
  <testcase classname="loans.PersonalLoan1" name="personalLoan2" time="0.001"/>
  <testcase classname="loans.PersonalLoan2" name="personalLoan3" time="0.001"/>
  <testcase classname="loans.PersonalLoan2" name="personalLoan4" time="0.001"/>
  <testcase classname="loans.PersonalLoan2" name="personalLoan5" time="0.001"/>
  <testcase classname="loans.VehicleLoan1" name="vehicleLoan1" time="0.0"/>
  <testcase classname="loans.VehicleLoan1" name="vehicleLoan2" time="0.001"/>
  <testcase classname="loans.VehicleLoan2" name="vehicleLoan3" time="0.001"/>
  <testcase classname="loans.VehicleLoan2" name="vehicleLoan4" time="0.001"/>
  <testcase classname="loans.VehicleLoan2" name="vehicleLoan5" time="0.001"/>
</testsuite> <!-- LoanTests -->
