<?xml version="1.0" encoding="UTF-8"?>
<!-- Generated by org.testng.reporters.JUnitXMLReporter -->
<testsuite ignored="0" hostname="YolandeH-Dell2" failures="0" tests="5" name="PersonalLoans" time="0.019" errors="0" timestamp="2022-03-22T16:16:18 SAST">
  <testcase classname="loans.PersonalLoan1" name="personalLoan1" time="0.001"/>
  <testcase classname="loans.PersonalLoan1" name="personalLoan2" time="0.001"/>
  <testcase classname="loans.PersonalLoan2" name="personalLoan3" time="0.001"/>
  <testcase classname="loans.PersonalLoan2" name="personalLoan4" time="0.002"/>
  <testcase classname="loans.PersonalLoan2" name="personalLoan5" time="0.001"/>
</testsuite> <!-- PersonalLoans -->
