<?xml version="1.0" encoding="UTF-8"?>
<!-- Generated by org.testng.reporters.JUnitXMLReporter -->
<testsuite ignored="1" hostname="YolandeH-Dell2" failures="0" tests="2" name="Personal Loan" time="0.144" errors="0" timestamp="2022-03-27T16:19:24 SAST">
  <testcase classname="annotationTest.Personal_loan" name="MobileLoginPersonalLoan" time="0.024"/>
  <testcase classname="annotationTest.Personal_loan" name="WebLoginPersonalLoan" time="0.005"/>
  <testcase classname="annotationTest.Personal_loan" name="APILoginPersonalLoan" time="0.0">
    <ignored/>
  </testcase> <!-- APILoginPersonalLoan -->
</testsuite> <!-- Personal Loan -->
