<?xml version="1.0" encoding="UTF-8"?>
<!-- Generated by org.testng.reporters.JUnitXMLReporter -->
<testsuite ignored="37" hostname="YolandeH-Dell2" failures="0" tests="3" name="Smoke Test" time="0.112" errors="0" timestamp="2022-03-27T16:18:51 SAST">
  <testcase classname="annotationTest.Home_loan" name="MobileLoginHomeLoan" time="0.016"/>
  <testcase classname="annotationTest.Personal_loan" name="WebLoginPersonalLoan" time="0.002"/>
  <testcase classname="annotationTest.Car_loan" name="APILoginCarLoan" time="0.002"/>
  <testcase classname="annotationTest.TestClass3" name="test12c" time="0.0">
    <ignored/>
  </testcase> <!-- test12c -->
  <testcase classname="annotationTest.TestClass1" name="test9a" time="0.0">
    <ignored/>
  </testcase> <!-- test9a -->
  <testcase classname="annotationTest.TestClass2" name="test9b" time="0.0">
    <ignored/>
  </testcase> <!-- test9b -->
  <testcase classname="annotationTest.TestClass3" name="test7c" time="0.0">
    <ignored/>
  </testcase> <!-- test7c -->
  <testcase classname="annotationTest.TestClass3" name="test9c" time="0.0">
    <ignored/>
  </testcase> <!-- test9c -->
  <testcase classname="annotationTest.TestClass1" name="test5a" time="0.0">
    <ignored/>
  </testcase> <!-- test5a -->
  <testcase classname="annotationTest.TestClass3" name="test10c" time="0.0">
    <ignored/>
  </testcase> <!-- test10c -->
  <testcase classname="annotationTest.TestClass1" name="test10a" time="0.0">
    <ignored/>
  </testcase> <!-- test10a -->
  <testcase classname="annotationTest.TestClass2" name="test10b" time="0.0">
    <ignored/>
  </testcase> <!-- test10b -->
  <testcase classname="annotationTest.Car_loan" name="MobileLoginCarLoan" time="0.0">
    <ignored/>
  </testcase> <!-- MobileLoginCarLoan -->
  <testcase classname="annotationTest.TestClass3" name="test2c" time="0.0">
    <ignored/>
  </testcase> <!-- test2c -->
  <testcase classname="annotationTest.Home_loan" name="WebLoginHomeLoan" time="0.0">
    <ignored/>
  </testcase> <!-- WebLoginHomeLoan -->
  <testcase classname="annotationTest.TestClass1" name="test2a" time="0.0">
    <ignored/>
  </testcase> <!-- test2a -->
  <testcase classname="annotationTest.TestClass2" name="test4b" time="0.0">
    <ignored/>
  </testcase> <!-- test4b -->
  <testcase classname="annotationTest.TestClass3" name="test4c" time="0.0">
    <ignored/>
  </testcase> <!-- test4c -->
  <testcase classname="annotationTest.TestClass2" name="test2b" time="0.0">
    <ignored/>
  </testcase> <!-- test2b -->
  <testcase classname="annotationTest.Home_loan" name="APILoginHomeLoan" time="0.0">
    <ignored/>
  </testcase> <!-- APILoginHomeLoan -->
  <testcase classname="annotationTest.TestClass1" name="test12a" time="0.0">
    <ignored/>
  </testcase> <!-- test12a -->
  <testcase classname="annotationTest.TestClass2" name="test12b" time="0.0">
    <ignored/>
  </testcase> <!-- test12b -->
  <testcase classname="annotationTest.TestClass2" name="test11b" time="0.0">
    <ignored/>
  </testcase> <!-- test11b -->
  <testcase classname="annotationTest.TestClass3" name="test11c" time="0.0">
    <ignored/>
  </testcase> <!-- test11c -->
  <testcase classname="annotationTest.TestClass1" name="test8a" time="0.0">
    <ignored/>
  </testcase> <!-- test8a -->
  <testcase classname="annotationTest.Personal_loan" name="MobileLoginPersonalLoan" time="0.0">
    <ignored/>
  </testcase> <!-- MobileLoginPersonalLoan -->
  <testcase classname="annotationTest.TestClass3" name="test6c" time="0.0">
    <ignored/>
  </testcase> <!-- test6c -->
  <testcase classname="annotationTest.TestClass1" name="test6a" time="0.0">
    <ignored/>
  </testcase> <!-- test6a -->
  <testcase classname="annotationTest.TestClass2" name="test8b" time="0.0">
    <ignored/>
  </testcase> <!-- test8b -->
  <testcase classname="annotationTest.TestClass1" name="test4a" time="0.0">
    <ignored/>
  </testcase> <!-- test4a -->
  <testcase classname="annotationTest.TestClass2" name="test6b" time="0.0">
    <ignored/>
  </testcase> <!-- test6b -->
  <testcase classname="annotationTest.TestClass3" name="test5c" time="0.0">
    <ignored/>
  </testcase> <!-- test5c -->
  <testcase classname="annotationTest.TestClass1" name="test1a" time="0.0">
    <ignored/>
  </testcase> <!-- test1a -->
  <testcase classname="annotationTest.TestClass2" name="test1b" time="0.0">
    <ignored/>
  </testcase> <!-- test1b -->
  <testcase classname="annotationTest.Car_loan" name="WebLoginCarLoan" time="0.0">
    <ignored/>
  </testcase> <!-- WebLoginCarLoan -->
  <testcase classname="annotationTest.Personal_loan" name="APILoginPersonalLoan" time="0.0">
    <ignored/>
  </testcase> <!-- APILoginPersonalLoan -->
  <testcase classname="annotationTest.TestClass3" name="test3c" time="0.0">
    <ignored/>
  </testcase> <!-- test3c -->
  <testcase classname="annotationTest.TestClass1" name="test3a" time="0.0">
    <ignored/>
  </testcase> <!-- test3a -->
  <testcase classname="annotationTest.TestClass1" name="test11a" time="0.0">
    <ignored/>
  </testcase> <!-- test11a -->
  <testcase classname="annotationTest.TestClass2" name="test3b" time="0.0">
    <ignored/>
  </testcase> <!-- test3b -->
</testsuite> <!-- Smoke Test -->
