<?xml version="1.0" encoding="UTF-8"?>
<!-- Generated by org.testng.reporters.JUnitXMLReporter -->
<testsuite ignored="0" hostname="YolandeH-Dell2" failures="0" tests="6" name="Test" time="0.05" errors="0" timestamp="2022-03-31T18:14:00 SAST">
  <testcase classname="first.FirstTestNgTest" name="first1" time="0.007"/>
  <testcase classname="first.FirstTestNgTest" name="second2" time="0.001"/>
  <testcase classname="first.ThirdTestNgTest" name="fifth" time="0.001"/>
  <testcase classname="first.ThirdTestNgTest" name="sixth" time="0.001"/>
  <testcase classname="first.SecondTestNgTest" name="fourth" time="0.001"/>
  <testcase classname="first.SecondTestNgTest" name="third" time="0.0"/>
</testsuite> <!-- Test -->
