<?xml version="1.0" encoding="UTF-8"?>
<!-- Generated by org.testng.reporters.JUnitXMLReporter -->
<testsuite ignored="0" hostname="YolandeH-Dell2" failures="1" tests="3" name="Test" time="0.044" errors="0" timestamp="2022-03-30T09:24:39 SAST">
  <testcase classname="practicalListeners.PracListeners" name="skippedTest" time="0.007">
    <skipped/>
  </testcase> <!-- skippedTest -->
  <testcase classname="practicalListeners.PracListeners" name="testFails" time="0.004">
    <failure type="java.lang.AssertionError" message="expected [true] but found [false]">
      <![CDATA[java.lang.AssertionError: expected [true] but found [false]
at practicalListeners.PracListeners.testFails(PracListeners.java:17)
at java.base/java.util.ArrayList.forEach(ArrayList.java:1511)
... Removed 31 stack frames]]>
    </failure>
  </testcase> <!-- testFails -->
  <testcase classname="practicalListeners.PracListeners" name="testPasses" time="0.001"/>
</testsuite> <!-- Test -->
