<?xml version="1.0" encoding="UTF-8"?>
<!-- Generated by org.testng.reporters.JUnitXMLReporter -->
<testsuite ignored="2" hostname="YolandeH-Dell2" failures="3" tests="5" name="Test - practical on Listeners" time="0.06" errors="0" timestamp="2022-03-31T15:09:08 SAST">
  <testcase classname="practicalListeners.PracTestListeners" name="testFails1" time="0.008">
    <failure type="java.lang.AssertionError" message="expected [true] but found [false]">
      <![CDATA[java.lang.AssertionError: expected [true] but found [false]
at practicalListeners.PracTestListeners.testFails1(PracTestListeners.java:22)
at java.base/java.util.ArrayList.forEach(ArrayList.java:1511)
... Removed 31 stack frames]]>
    </failure>
  </testcase> <!-- testFails1 -->
  <testcase classname="practicalListeners.PracTestListeners" name="testFails2" time="0.001">
    <failure type="java.lang.AssertionError" message="expected [true] but found [false]">
      <![CDATA[java.lang.AssertionError: expected [true] but found [false]
at practicalListeners.PracTestListeners.testFails2(PracTestListeners.java:27)
at java.base/java.util.ArrayList.forEach(ArrayList.java:1511)
... Removed 31 stack frames]]>
    </failure>
  </testcase> <!-- testFails2 -->
  <testcase classname="practicalListeners.PracTestListeners" name="testFails3" time="0.001">
    <failure type="java.lang.AssertionError" message="expected [false] but found [true]">
      <![CDATA[java.lang.AssertionError: expected [false] but found [true]
at practicalListeners.PracTestListeners.testFails3(PracTestListeners.java:32)
at java.base/java.util.ArrayList.forEach(ArrayList.java:1511)
... Removed 31 stack frames]]>
    </failure>
  </testcase> <!-- testFails3 -->
  <testcase classname="practicalListeners.PracTestListeners" name="testPasses1" time="0.001"/>
  <testcase classname="practicalListeners.PracTestListeners" name="testPasses2" time="0.001"/>
  <testcase classname="practicalListeners.PracTestListeners" name="skippedTest1" time="0.0">
    <ignored/>
  </testcase> <!-- skippedTest1 -->
  <testcase classname="practicalListeners.PracTestListeners" name="skippedTest2" time="0.0">
    <ignored/>
  </testcase> <!-- skippedTest2 -->
</testsuite> <!-- Test - practical on Listeners -->
