<?xml version="1.0" encoding="UTF-8"?>
<!-- Generated by org.testng.reporters.JUnitXMLReporter -->
<testsuite ignored="2" hostname="YolandeH-Dell2" failures="0" tests="1" name="Home Loan" time="0.004" errors="0" timestamp="2022-03-26T15:04:52 SAST">
  <testcase classname="annotations.Home_loan" name="MobileLoginHomeLoan" time="0.001"/>
  <testcase classname="annotations.Home_loan" name="APILoginHomeLoan" time="0.0">
    <ignored/>
  </testcase> <!-- APILoginHomeLoan -->
  <testcase classname="annotations.Home_loan" name="WebLoginHomeLoan" time="0.0">
    <ignored/>
  </testcase> <!-- WebLoginHomeLoan -->
</testsuite> <!-- Home Loan -->
