<?xml version="1.0" encoding="UTF-8"?>
<!-- Generated by org.testng.reporters.JUnitXMLReporter -->
<testsuite ignored="5" hostname="YolandeH-Dell2" failures="0" tests="4" name="Personal Loan" time="0.047" errors="0" timestamp="2022-03-26T15:09:28 SAST">
  <testcase classname="annotations.Personal_loan" name="MobileLoginPersonalLoan" time="0.006"/>
  <testcase classname="annotations.Personal_loan" name="WebLoginPersonalLoan" time="0.001"/>
  <testcase classname="annotations.Home_loan" name="MobileLoginHomeLoan" time="0.001"/>
  <testcase classname="annotations.Car_loan" name="APILoginCarLoan" time="0.001"/>
  <testcase classname="annotations.Home_loan" name="APILoginHomeLoan" time="0.0">
    <ignored/>
  </testcase> <!-- APILoginHomeLoan -->
  <testcase classname="annotations.Car_loan" name="MobileLoginCarLoan" time="0.0">
    <ignored/>
  </testcase> <!-- MobileLoginCarLoan -->
  <testcase classname="annotations.Personal_loan" name="APILoginPersonalLoan" time="0.0">
    <ignored/>
  </testcase> <!-- APILoginPersonalLoan -->
  <testcase classname="annotations.Home_loan" name="WebLoginHomeLoan" time="0.0">
    <ignored/>
  </testcase> <!-- WebLoginHomeLoan -->
  <testcase classname="annotations.Car_loan" name="WebLoginCarLoan" time="0.0">
    <ignored/>
  </testcase> <!-- WebLoginCarLoan -->
</testsuite> <!-- Personal Loan -->
