<?xml version="1.0" encoding="UTF-8"?>
<!-- Generated by org.testng.reporters.JUnitXMLReporter -->
<testsuite ignored="0" hostname="YolandeH-Dell2" failures="0" tests="3" name="Default test" time="0.05" errors="0" timestamp="2022-03-26T22:56:56 SAST">
  <testcase classname="dataProviders.HomeLoan1FraudTest" name="homeLoan1FraudTest" time="0.005"/>
  <testcase classname="dataProviders.HomeLoan1FraudTest" name="homeLoan1FraudTest" time="0.001"/>
  <testcase classname="dataProviders.HomeLoan1FraudTest" name="homeLoan1FraudTest" time="0.001"/>
</testsuite> <!-- Default test -->
