<?xml version="1.0" encoding="UTF-8"?>
<!-- Generated by org.testng.reporters.JUnitXMLReporter -->
<testsuite ignored="0" hostname="YolandeH-Dell2" failures="0" tests="3" name="Default test" time="0.048" errors="0" timestamp="2022-03-24T16:02:07 SAST">
  <testcase classname="loans.HomeLoan2" name="homeLoan3" time="0.005"/>
  <testcase classname="loans.HomeLoan2" name="homeLoan4" time="0.001"/>
  <testcase classname="loans.HomeLoan2" name="homeLoanFraudTest" time="0.001"/>
</testsuite> <!-- Default test -->
