<?xml version="1.0" encoding="UTF-8"?>
<!-- Generated by org.testng.reporters.JUnitXMLReporter -->
<testsuite ignored="1" hostname="YolandeH-Dell2" failures="0" tests="14" name="LoanTests" time="0.066" errors="0" timestamp="2022-03-26T22:38:09 SAST">
  <testcase classname="loans.HomeLoan1" name="homeLoan1" time="0.004"/>
  <testcase classname="loans.HomeLoan1" name="homeLoan2" time="0.001"/>
  <testcase classname="loans.HomeLoan1" name="myParameters" time="0.001"/>
  <testcase classname="loans.HomeLoan2" name="homeLoan3" time="0.001"/>
  <testcase classname="loans.HomeLoan2" name="homeLoanFraudTest" time="0.001"/>
  <testcase classname="loans.PersonalLoan1" name="personalLoan1" time="0.005"/>
  <testcase classname="loans.PersonalLoan1" name="personalLoan2" time="0.001"/>
  <testcase classname="loans.PersonalLoan2" name="personalLoan3" time="0.001"/>
  <testcase classname="loans.PersonalLoan2" name="personalLoan4" time="0.001"/>
  <testcase classname="loans.VehicleLoan1" name="vehicleLoan1" time="0.001"/>
  <testcase classname="loans.VehicleLoan1" name="vehicleLoan2" time="0.0"/>
  <testcase classname="loans.VehicleLoan2" name="vehicleLoan3" time="0.001"/>
  <testcase classname="loans.VehicleLoan2" name="vehicleLoan4" time="0.001"/>
  <testcase classname="loans.VehicleLoan2" name="vehicleLoan5" time="0.001"/>
  <testcase classname="loans.HomeLoan2" name="homeLoan4" time="0.0">
    <ignored/>
  </testcase> <!-- homeLoan4 -->
</testsuite> <!-- LoanTests -->
