<?xml version="1.0" encoding="UTF-8"?>
<!-- Generated by org.testng.reporters.JUnitXMLReporter -->
<testsuite ignored="0" hostname="YolandeH-Dell2" failures="0" tests="4" name="HomeLoans" time="0.058" errors="0" timestamp="2022-03-22T16:18:42 SAST">
  <testcase classname="loans.HomeLoan1" name="homeLoan1" time="0.01"/>
  <testcase classname="loans.HomeLoan1" name="homeLoan2" time="0.002"/>
  <testcase classname="loans.HomeLoan2" name="homeLoan3" time="0.002"/>
  <testcase classname="loans.HomeLoan2" name="homeLoan4" time="0.001"/>
</testsuite> <!-- HomeLoans -->
