<?xml version="1.0" encoding="UTF-8"?>
<!-- Generated by org.testng.reporters.JUnitXMLReporter -->
<testsuite ignored="0" hostname="YolandeH-Dell2" failures="0" tests="4" name="VehicleLoans" time="0.011" errors="0" timestamp="2022-03-22T16:18:42 SAST">
  <testcase classname="loans.VehicleLoan1" name="vehicleLoan1" time="0.002"/>
  <testcase classname="loans.VehicleLoan1" name="vehicleLoan2" time="0.001"/>
  <testcase classname="loans.VehicleLoan2" name="vehicleLoan3" time="0.001"/>
  <testcase classname="loans.VehicleLoan2" name="vehicleLoan4" time="0.0"/>
</testsuite> <!-- VehicleLoans -->
